<?xml version="1.0" encoding="UTF-8"?>
<!-- Generated by org.testng.reporters.JUnitXMLReporter -->
<testsuite ignored="0" hostname="Meghansh-Monish" failures="0" tests="4" name="Default test" time="10.727" errors="0" timestamp="2024-06-11T00:17:58 IST">
  <testcase classname="api.test.UserTests2" name="testPostUser" time="3.356"/>
  <testcase classname="api.test.UserTests2" name="testGetUserByName" time="1.87"/>
  <testcase classname="api.test.UserTests2" name="testUpdateUserByName" time="3.198"/>
  <testcase classname="api.test.UserTests2" name="testDeleteUserByName" time="1.736"/>
</testsuite> <!-- Default test -->
