<?xml version="1.0" encoding="UTF-8"?>
<testng-results ignored="0" total="4" passed="4" failed="0" skipped="0">
  <reporter-output>
  </reporter-output>
  <suite started-at="2024-06-11T00:17:47 IST" name="Default suite" finished-at="2024-06-11T00:17:58 IST" duration-ms="10727">
    <groups>
    </groups>
    <test started-at="2024-06-11T00:17:47 IST" name="Default test" finished-at="2024-06-11T00:17:58 IST" duration-ms="10727">
      <class name="api.test.UserTests2">
        <test-method is-config="true" signature="setup()[pri:0, instance:api.test.UserTests2@368f2016]" started-at="2024-06-11T00:17:47 IST" name="setup" finished-at="2024-06-11T00:17:48 IST" duration-ms="537" status="PASS">
          <reporter-output>
          </reporter-output>
        </test-method> <!-- setup -->
        <test-method signature="testPostUser()[pri:1, instance:api.test.UserTests2@368f2016]" started-at="2024-06-11T00:17:48 IST" name="testPostUser" finished-at="2024-06-11T00:17:51 IST" duration-ms="3356" status="PASS">
          <reporter-output>
          </reporter-output>
        </test-method> <!-- testPostUser -->
        <test-method signature="testGetUserByName()[pri:2, instance:api.test.UserTests2@368f2016]" started-at="2024-06-11T00:17:51 IST" name="testGetUserByName" finished-at="2024-06-11T00:17:53 IST" duration-ms="1870" status="PASS">
          <reporter-output>
          </reporter-output>
        </test-method> <!-- testGetUserByName -->
        <test-method signature="testUpdateUserByName()[pri:3, instance:api.test.UserTests2@368f2016]" started-at="2024-06-11T00:17:53 IST" name="testUpdateUserByName" finished-at="2024-06-11T00:17:56 IST" duration-ms="3198" status="PASS">
          <reporter-output>
          </reporter-output>
        </test-method> <!-- testUpdateUserByName -->
        <test-method signature="testDeleteUserByName()[pri:4, instance:api.test.UserTests2@368f2016]" started-at="2024-06-11T00:17:56 IST" name="testDeleteUserByName" finished-at="2024-06-11T00:17:58 IST" duration-ms="1736" status="PASS">
          <reporter-output>
          </reporter-output>
        </test-method> <!-- testDeleteUserByName -->
      </class> <!-- api.test.UserTests2 -->
    </test> <!-- Default test -->
  </suite> <!-- Default suite -->
</testng-results>
